
Usage: npm <command>

where <command> is one of:
    access, adduser, audit, bin, bugs, c, cache, ci, cit,
    completion, config, create, ddp, dedupe, deprecate,
    dist-tag, docs, doctor, edit, explore, get, help,
    help-search, hook, i, init, install, install-test, it, link,
    list, ln, login, logout, ls, outdated, owner, pack, ping,
    prefix, profile, prune, publish, rb, rebuild, repo, restart,
    root, run, run-script, s, se, search, set, shrinkwrap, star,
    stars, start, stop, t, team, test, token, tst, un,
    uninstall, unpublish, unstar, up, update, v, version, view,
    whoami

npm <command> -h     quick help on <command>
npm -l           display full usage info
npm help <term>  search for help on <term>
npm help npm     involved overview

Specify configs in the ini-formatted file:
    /root/.npmrc
or on the command line via: npm <command> --key value
Config info can be viewed via: npm help config

npm@6.2.0 /root/.nvm/versions/node/v10.9.0/lib/node_modules/npm

Did you mean one of these?
    un
    run

> my-glitch-app@0.0.1 gui /root/adscrapper
> node ./public/index.js

Sun, 28 Oct 2018 15:19:39 GMT body-parser deprecated bodyParser: use individual json/urlencoded middlewares at public/index.js:22:9
Sun, 28 Oct 2018 15:19:39 GMT body-parser deprecated undefined extended: provide extended option at node_modules/body-parser/index.js:105:29
GUI SERVER LISTENING ON 3000 PORT
